{
  "RSpec": {
    "coverage": {
      "/Users/almas/Desktop/projects/makers/week_5/makersbnb/app.rb": {
        "lines": [
          1,
          1,
          1,
          1,
          1,
          null,
          1,
          1,
          1,
          null,
          null,
          1,
          1,
          null,
          1,
          30,
          30,
          30,
          null,
          null,
          1,
          7,
          null,
          null,
          1,
          6,
          6,
          6,
          6,
          6,
          6,
          null,
          6,
          null,
          null,
          1,
          9,
          null,
          null,
          1,
          8,
          8,
          8,
          8,
          8,
          8,
          null,
          null,
          1,
          1,
          null,
          null,
          1,
          1,
          1,
          null,
          null,
          1,
          1,
          null,
          null,
          null,
          1,
          3,
          3,
          null,
          null,
          1,
          2,
          2,
          2,
          2,
          null,
          null,
          1,
          null
        ]
      },
      "/Users/almas/Desktop/projects/makers/week_5/makersbnb/database_connection_setup.rb": {
        "lines": [
          1,
          null,
          1,
          1,
          null,
          0,
          null
        ]
      },
      "/Users/almas/Desktop/projects/makers/week_5/makersbnb/lib/database_connection.rb": {
        "lines": [
          1,
          null,
          1,
          1,
          1,
          null,
          1,
          4,
          null,
          null,
          1,
          103,
          null,
          null,
          null
        ]
      },
      "/Users/almas/Desktop/projects/makers/week_5/makersbnb/lib/space.rb": {
        "lines": [
          1,
          1,
          null,
          1,
          30,
          30,
          30,
          30,
          30,
          30,
          null,
          null,
          1,
          3,
          3,
          null,
          null,
          1,
          1,
          13,
          13,
          13,
          13,
          13,
          13,
          null,
          null,
          1,
          1,
          2,
          null,
          null,
          1,
          31,
          31,
          12,
          null,
          null,
          null,
          1,
          3,
          3,
          3,
          null,
          null,
          1,
          null,
          1,
          27,
          null,
          null,
          null,
          null,
          null,
          null,
          null,
          null,
          null,
          null
        ]
      },
      "/Users/almas/Desktop/projects/makers/week_5/makersbnb/lib/user.rb": {
        "lines": [
          1,
          null,
          1,
          1,
          null,
          1,
          40,
          40,
          40,
          null,
          null,
          1,
          1,
          null,
          21,
          null,
          21,
          21,
          21,
          21,
          21,
          21,
          null,
          null,
          1,
          17,
          17,
          17,
          null,
          null,
          1,
          4,
          null,
          4,
          null,
          4,
          1,
          null,
          null,
          null,
          null,
          3,
          null,
          2,
          null,
          null,
          1,
          null,
          1,
          38,
          null,
          null,
          null,
          null,
          null,
          null,
          null
        ]
      },
      "/Users/almas/Desktop/projects/makers/week_5/makersbnb/spec/booking_spec.rb": {
        "lines": [
          1,
          1,
          1,
          null,
          1,
          2,
          2,
          2,
          null,
          1,
          1,
          1,
          1,
          1,
          null,
          1,
          1,
          1,
          1,
          1,
          1,
          null,
          null,
          null
        ]
      },
      "/Users/almas/Desktop/projects/makers/week_5/makersbnb/lib/booking.rb": {
        "lines": [
          1,
          1,
          null,
          1,
          1,
          null,
          1,
          1,
          1,
          1,
          1,
          1,
          null,
          null,
          1,
          1,
          1,
          1,
          1,
          null,
          null
        ]
      },
      "/Users/almas/Desktop/projects/makers/week_5/makersbnb/spec/database_connection_spec.rb": {
        "lines": [
          1,
          null,
          1,
          1,
          1,
          1,
          null,
          1,
          1,
          null,
          null,
          1,
          1,
          null,
          1,
          null,
          null,
          null,
          1,
          1,
          1,
          null,
          1,
          null,
          1,
          1,
          null,
          null,
          null
        ]
      },
      "/Users/almas/Desktop/projects/makers/week_5/makersbnb/spec/features/book_space_spec.rb": {
        "lines": [
          1,
          1,
          1,
          1,
          1,
          1,
          1,
          null,
          null,
          1,
          1,
          1,
          1,
          1,
          1,
          1,
          null,
          null
        ]
      },
      "/Users/almas/Desktop/projects/makers/week_5/makersbnb/spec/features/homepage_spec.rb": {
        "lines": [
          1,
          1,
          1,
          1,
          1,
          1,
          1,
          null,
          null,
          null,
          1,
          1,
          1,
          null,
          1,
          1,
          null,
          null,
          null,
          1,
          1,
          1,
          1,
          1,
          null,
          null
        ]
      },
      "/Users/almas/Desktop/projects/makers/week_5/makersbnb/spec/features/list_a_space_spec.rb": {
        "lines": [
          1,
          1,
          1,
          1,
          1,
          1,
          null,
          null,
          1,
          1,
          1,
          1,
          1,
          1,
          1,
          1,
          1,
          null,
          1,
          1,
          1,
          null,
          1,
          1,
          1,
          null,
          null,
          null
        ]
      },
      "/Users/almas/Desktop/projects/makers/week_5/makersbnb/spec/features/new_user_spec.rb": {
        "lines": [
          1,
          1,
          1,
          1,
          1,
          1,
          1,
          1,
          1,
          1,
          1,
          1,
          null,
          null
        ]
      },
      "/Users/almas/Desktop/projects/makers/week_5/makersbnb/spec/features/sign_in_spec.rb": {
        "lines": [
          1,
          1,
          1,
          1,
          1,
          1,
          1,
          1,
          1,
          1,
          1,
          1,
          1,
          1,
          null,
          1,
          1,
          1,
          1,
          1,
          1,
          null,
          null
        ]
      },
      "/Users/almas/Desktop/projects/makers/week_5/makersbnb/spec/features/sign_out_spec.rb": {
        "lines": [
          1,
          1,
          1,
          1,
          1,
          1,
          1,
          1,
          1,
          1,
          1,
          null,
          1,
          1,
          1,
          null,
          null
        ]
      },
      "/Users/almas/Desktop/projects/makers/week_5/makersbnb/spec/features/test_spec.rb": {
        "lines": [
          null,
          null,
          null,
          null,
          null,
          null,
          null
        ]
      },
      "/Users/almas/Desktop/projects/makers/week_5/makersbnb/spec/space_spec.rb": {
        "lines": [
          1,
          1,
          1,
          null,
          1,
          7,
          1,
          1,
          null,
          1,
          1,
          1,
          null,
          null,
          null,
          null,
          null,
          null,
          null,
          1,
          1,
          1,
          1,
          1,
          null,
          null,
          null,
          1,
          1,
          1,
          1,
          1,
          1,
          1,
          null,
          1,
          1,
          null,
          null,
          null,
          null,
          null,
          null,
          null,
          1,
          1,
          null,
          1,
          null,
          1,
          1,
          null,
          null,
          null,
          1,
          1,
          1,
          1,
          1,
          1,
          null,
          1,
          1,
          null,
          1,
          1,
          1,
          null,
          1,
          null,
          null,
          null,
          1,
          1,
          1,
          1,
          1,
          1,
          1,
          null,
          null,
          null,
          null,
          null,
          1,
          null,
          1,
          1,
          1,
          null,
          null,
          null,
          1,
          1,
          1,
          1,
          1,
          1,
          1,
          null,
          1,
          1,
          1,
          null,
          null,
          null,
          null,
          null,
          null,
          null,
          1,
          null,
          1,
          1,
          1,
          1,
          null,
          1,
          1,
          null,
          null,
          null,
          1,
          1,
          1,
          1,
          1,
          1,
          1,
          null,
          1,
          1,
          null,
          1,
          1,
          1,
          1,
          1,
          null,
          null,
          null
        ]
      },
      "/Users/almas/Desktop/projects/makers/week_5/makersbnb/spec/user_spec.rb": {
        "lines": [
          1,
          null,
          null,
          1,
          1,
          1,
          1,
          null,
          1,
          null,
          1,
          1,
          1,
          1,
          null,
          null,
          1,
          1,
          null,
          1,
          1,
          null,
          null,
          null,
          1,
          1,
          1,
          null,
          1,
          1,
          null,
          1,
          1,
          null,
          null,
          null,
          1,
          1,
          1,
          1,
          null,
          1,
          null,
          null,
          1,
          1,
          1,
          null,
          null,
          1,
          1,
          1,
          null,
          null,
          null,
          null
        ]
      }
    },
    "timestamp": 1619784868
  }
}
