{
  "RSpec": {
    "coverage": {
      "/Users/ionutmintar/Projects/makersbnb/app.rb": {
        "lines": [
          1,
          1,
          1,
          1,
          null,
          1,
          1,
          1,
          null,
          null,
          1,
          null,
          1,
          5,
          5,
          null,
          null,
          1,
          3,
          null,
          null,
          1,
          2,
          2,
          2,
          2,
          2,
          null,
          1,
          null
        ]
      },
      "/Users/ionutmintar/Projects/makersbnb/database_connection_setup.rb": {
        "lines": [
          1,
          null,
          1,
          1,
          null,
          0,
          null
        ]
      },
      "/Users/ionutmintar/Projects/makersbnb/lib/database_connection.rb": {
        "lines": [
          1,
          null,
          1,
          1,
          1,
          null,
          1,
          4,
          null,
          null,
          1,
          21,
          null,
          null,
          null
        ]
      },
      "/Users/ionutmintar/Projects/makersbnb/lib/space.rb": {
        "lines": [
          1,
          1,
          null,
          1,
          8,
          8,
          8,
          8,
          8,
          null,
          null,
          1,
          2,
          null,
          null,
          1,
          1,
          7,
          null,
          null,
          1,
          6,
          9,
          null,
          null,
          null,
          null,
          null,
          null,
          null,
          null,
          null,
          1,
          1,
          1,
          2,
          null,
          2,
          null,
          null,
          null,
          null,
          null,
          null,
          null,
          null,
          null,
          null,
          null,
          null,
          null
        ]
      },
      "/Users/ionutmintar/Projects/makersbnb/spec/database_connection_spec.rb": {
        "lines": [
          1,
          null,
          1,
          1,
          1,
          1,
          null,
          1,
          1,
          null,
          null,
          1,
          1,
          null,
          1,
          null,
          null,
          null,
          null,
          1,
          1,
          1,
          null,
          1,
          null,
          1,
          1,
          null,
          null,
          null
        ]
      },
      "/Users/ionutmintar/Projects/makersbnb/spec/features/homepage_spec.rb": {
        "lines": [
          1,
          1,
          1,
          1,
          1,
          1,
          1,
          1,
          1,
          1,
          1,
          1,
          1,
          1,
          null,
          null,
          null,
          1,
          1,
          1,
          1,
          1,
          null,
          null
        ]
      },
      "/Users/ionutmintar/Projects/makersbnb/spec/features/list_a_space_spec.rb": {
        "lines": [
          1,
          1,
          1,
          1,
          1,
          1,
          1,
          1,
          1,
          1,
          null,
          null
        ]
      },
      "/Users/ionutmintar/Projects/makersbnb/spec/features/test_spec.rb": {
        "lines": [
          null,
          null,
          null,
          null,
          null,
          null,
          null
        ]
      },
      "/Users/ionutmintar/Projects/makersbnb/spec/space_spec.rb": {
        "lines": [
          1,
          null,
          1,
          1,
          1,
          1,
          1,
          1,
          1,
          1,
          1,
          null,
          null,
          null,
          null,
          null,
          null,
          1,
          1,
          1,
          1,
          1,
          null,
          null,
          null,
          1,
          1,
          1,
          1,
          1,
          1,
          null,
          1,
          1,
          null,
          null,
          null,
          null,
          null,
          null,
          1,
          1,
          null,
          1,
          null,
          1,
          1,
          null,
          null,
          null,
          1,
          1,
          1,
          1,
          1,
          null,
          1,
          1,
          null,
          1,
          1,
          1,
          null,
          null,
          null,
          null,
          1,
          1,
          1,
          1,
          1,
          1,
          null,
          null,
          1,
          null,
          null,
          null,
          null,
          1,
          null,
          1,
          1,
          1,
          null,
          null,
          null,
          1,
          1,
          1,
          1,
          1,
          1,
          null,
          1,
          1,
          1,
          1,
          1,
          1,
          null,
          1,
          null,
          null,
          null,
          null,
          null,
          null,
          1,
          1,
          1,
          null,
          null,
          null
        ]
      }
    },
    "timestamp": 1619622046
  }
}
